<?xml version="1.0" encoding="UTF-8"?>
<!-- Generated by org.testng.reporters.JUnitReportReporter -->
<testsuite hostname="test" failures="0" tests="1" name="cucumberOptions.TestNGTestRunner" time="7.756" errors="0" timestamp="2023-04-28T12:37:37 UTC" skipped="0">
  <testcase classname="cucumberOptions.TestNGTestRunner" name="runScenario" time="7.756"/>
  <system-out/>
</testsuite> <!-- cucumberOptions.TestNGTestRunner -->
