<?xml version="1.0" encoding="UTF-8"?>
<!-- Generated by org.testng.reporters.JUnitReportReporter -->
<testsuite hostname="test" failures="0" tests="1" name="cucumberOptions.TestNGTestRunner" time="7.399" errors="0" timestamp="2023-05-02T11:15:14 UTC" skipped="0">
  <testcase classname="cucumberOptions.TestNGTestRunner" name="runScenario" time="7.399"/>
  <system-out/>
</testsuite> <!-- cucumberOptions.TestNGTestRunner -->
